2025-05-21 16:18:13,055 - warp-prophet-model - ERROR - ❌ Config not found at : /Users/sgawde/work/eaisi-code/main-branch-21may/ENEXIS/sandeep/config/config.json
2025-05-21 16:18:33,991 - warp-prophet-model - ERROR - ❌ Config not found at : /Users/sgawde/work/eaisi-code/main-branch-21may/ENEXIS/config/config.json
2025-05-21 16:20:09,905 - warp-prophet-model - INFO - MODEL_RUN_RESULTS_DIR: /Users/sgawde/work/eaisi-code/main-branch-21may/ENEXIS/src/data/warp-prophet-model-results.csv
2025-05-21 16:21:30,632 - warp-prophet-model - INFO - WARP_DATA_FILE_PATH: /Users/sgawde/work/eaisi-code/main-branch-21may/ENEXIS/src/data/warp-prophet-model-results.csv
2025-05-21 16:21:30,641 - warp-prophet-model - INFO - Loaded data from /Users/sgawde/work/eaisi-code/main-branch-21may/ENEXIS/src/data/warp-prophet-model-results.csv
2025-05-21 16:22:06,832 - warp-prophet-model - INFO - WARP_DATA_FILE_PATH: /Users/sgawde/work/eaisi-code/main-branch-21may/ENEXIS/src/data/warp-csv-dataset.csv
2025-05-21 16:22:06,905 - warp-prophet-model - INFO - Loaded data from /Users/sgawde/work/eaisi-code/main-branch-21may/ENEXIS/src/data/warp-csv-dataset.csv
2025-05-21 16:22:06,932 - warp-prophet-model - INFO - Train Date Range: Start: 2025-01-01 00:00:00 End: 2025-04-30 00:00:00
2025-05-21 16:22:06,932 - warp-prophet-model - INFO - Test Date Range: Start: 2025-05-01 00:00:00 End: 2025-05-19 00:00:00
2025-05-21 16:22:06,941 - warp-prophet-model - INFO - Prophet Training Data Sample:
2025-05-21 16:22:06,964 - warp-prophet-model - INFO - 
                   ds        y  month  shortwave_radiation  apparent_temperature  temperature_2m  ...  cloud_cover  Flow_GB  Nuclear_Vol  yearday_cos  Flow_NO      Load
0 2025-01-01 00:00:00  0.01362      1                  0.0              3.067019          7.4325  ...        100.0     0.00     486250.0     0.999852   -649.0  12049.25
1 2025-01-01 00:00:00  0.01362      1                  0.0              3.067019          7.4325  ...        100.0     0.00     486250.0     0.999852   -649.0  12049.25
2 2025-01-01 01:00:00  0.00624      1                  0.0              3.500678          7.6325  ...        100.0     0.25     487000.0     0.999852   -649.0  11957.50
3 2025-01-01 01:00:00  0.00624      1                  0.0              3.500678          7.6325  ...        100.0     0.25     487000.0     0.999852   -649.0  11957.50
4 2025-01-01 02:00:00  0.00416      1                  0.0              1.920958          7.2825  ...        100.0     0.00     487000.0     0.999852   -635.0  11636.25

[5 rows x 24 columns]
2025-05-21 16:22:06,964 - warp-prophet-model - INFO - y_train columns: ['datetime', 'Price']
2025-05-21 16:22:06,964 - warp-prophet-model - INFO - X_train columns (used regressors): ['month', 'shortwave_radiation', 'apparent_temperature', 'temperature_2m', 'direct_normal_irradiance', 'diffuse_radiation', 'yearday_sin', 'Flow_BE', 'hour_sin', 'is_non_working_day', 'is_weekend', 'is_holiday', 'weekday_cos', 'wind_speed_10m', 'hour_cos', 'weekday_sin', 'cloud_cover', 'Flow_GB', 'Nuclear_Vol', 'yearday_cos', 'Flow_NO', 'Load']
2025-05-21 16:22:07,073 - prophet - INFO - Disabling yearly seasonality. Run prophet with yearly_seasonality=True to override this.
2025-05-21 16:22:07,107 - cmdstanpy - DEBUG - input tempfile: /var/folders/gy/xs43v__d0mn25qy5kzxrnkrm0000gn/T/tmptcb6zdya/6moh5ln4.json
2025-05-21 16:22:07,280 - cmdstanpy - DEBUG - input tempfile: /var/folders/gy/xs43v__d0mn25qy5kzxrnkrm0000gn/T/tmptcb6zdya/70m8gbva.json
2025-05-21 16:22:07,281 - cmdstanpy - DEBUG - idx 0
2025-05-21 16:22:07,281 - cmdstanpy - DEBUG - running CmdStan, num_threads: None
2025-05-21 16:22:07,281 - cmdstanpy - DEBUG - CmdStan args: ['/opt/miniconda3/envs/enexis-may-03-env-run/lib/python3.10/site-packages/prophet/stan_model/prophet_model.bin', 'random', 'seed=96773', 'data', 'file=/var/folders/gy/xs43v__d0mn25qy5kzxrnkrm0000gn/T/tmptcb6zdya/6moh5ln4.json', 'init=/var/folders/gy/xs43v__d0mn25qy5kzxrnkrm0000gn/T/tmptcb6zdya/70m8gbva.json', 'output', 'file=/var/folders/gy/xs43v__d0mn25qy5kzxrnkrm0000gn/T/tmptcb6zdya/prophet_modele_f3w24d/prophet_model-20250521162207.csv', 'method=optimize', 'algorithm=lbfgs', 'iter=10000']
2025-05-21 16:22:07,281 - cmdstanpy - INFO - Chain [1] start processing
2025-05-21 16:22:10,962 - cmdstanpy - INFO - Chain [1] done processing
2025-05-21 16:22:11,263 - warp-prophet-model - INFO - Params: {'changepoint_prior_scale': 0.1, 'seasonality_mode': 'additive', 'seasonality_prior_scale': 1.0} → MAE: 0.06
2025-05-21 16:22:11,263 - warp-prophet-model - INFO - Best Parameters Found: {'changepoint_prior_scale': 0.1, 'seasonality_mode': 'additive', 'seasonality_prior_scale': 1.0}
2025-05-21 16:22:11,263 - warp-prophet-model - INFO - Best MAE: 0.06
2025-05-21 16:22:11,263 - warp-prophet-model - INFO - ✅ Forecast complete
2025-05-21 16:22:11,270 - warp-prophet-model - INFO - Aligned data length: 1732
2025-05-21 16:22:11,270 - warp-prophet-model - INFO - Date range: 2025-05-01 00:00:00 to 2025-05-19 00:00:00
2025-05-21 16:22:11,272 - warp-prophet-model - INFO - MAE: 0.064, RMSE: 0.090, R²: -0.960
2025-05-21 16:22:15,771 - warp-prophet-model - INFO - Execution time: 4.30 seconds
2025-05-21 16:22:15,776 - warp-prophet-model - INFO - 
📊 Evaluation Metrics:
2025-05-21 16:22:15,776 - warp-prophet-model - INFO - Model Name: Prophet
2025-05-21 16:22:15,776 - warp-prophet-model - INFO - MAE: 0.064
2025-05-21 16:22:15,777 - warp-prophet-model - INFO - MSE: 0.008
2025-05-21 16:22:15,777 - warp-prophet-model - INFO - RMSE: 0.090
2025-05-21 16:22:15,777 - warp-prophet-model - INFO - R²: -0.960
2025-05-21 16:22:58,575 - warp-prophet-model - INFO - WARP_DATA_FILE_PATH: /Users/sgawde/work/eaisi-code/main-branch-21may/ENEXIS/src/data/warp-csv-dataset.csv
2025-05-21 16:22:58,629 - warp-prophet-model - INFO - Loaded data from /Users/sgawde/work/eaisi-code/main-branch-21may/ENEXIS/src/data/warp-csv-dataset.csv
2025-05-21 16:22:58,656 - warp-prophet-model - INFO - Train Date Range: Start: 2025-01-01 00:00:00 End: 2025-04-30 00:00:00
2025-05-21 16:22:58,656 - warp-prophet-model - INFO - Test Date Range: Start: 2025-05-01 00:00:00 End: 2025-05-19 00:00:00
2025-05-21 16:22:58,665 - warp-prophet-model - INFO - Prophet Training Data Sample:
2025-05-21 16:22:58,690 - warp-prophet-model - INFO - 
                   ds        y  month  shortwave_radiation  apparent_temperature  temperature_2m  ...  cloud_cover  Flow_GB  Nuclear_Vol  yearday_cos  Flow_NO      Load
0 2025-01-01 00:00:00  0.01362      1                  0.0              3.067019          7.4325  ...        100.0     0.00     486250.0     0.999852   -649.0  12049.25
1 2025-01-01 00:00:00  0.01362      1                  0.0              3.067019          7.4325  ...        100.0     0.00     486250.0     0.999852   -649.0  12049.25
2 2025-01-01 01:00:00  0.00624      1                  0.0              3.500678          7.6325  ...        100.0     0.25     487000.0     0.999852   -649.0  11957.50
3 2025-01-01 01:00:00  0.00624      1                  0.0              3.500678          7.6325  ...        100.0     0.25     487000.0     0.999852   -649.0  11957.50
4 2025-01-01 02:00:00  0.00416      1                  0.0              1.920958          7.2825  ...        100.0     0.00     487000.0     0.999852   -635.0  11636.25

[5 rows x 24 columns]
2025-05-21 16:22:58,690 - warp-prophet-model - INFO - y_train columns: ['datetime', 'Price']
2025-05-21 16:22:58,690 - warp-prophet-model - INFO - X_train columns (used regressors): ['month', 'shortwave_radiation', 'apparent_temperature', 'temperature_2m', 'direct_normal_irradiance', 'diffuse_radiation', 'yearday_sin', 'Flow_BE', 'hour_sin', 'is_non_working_day', 'is_weekend', 'is_holiday', 'weekday_cos', 'wind_speed_10m', 'hour_cos', 'weekday_sin', 'cloud_cover', 'Flow_GB', 'Nuclear_Vol', 'yearday_cos', 'Flow_NO', 'Load']
2025-05-21 16:22:58,797 - prophet - INFO - Disabling yearly seasonality. Run prophet with yearly_seasonality=True to override this.
2025-05-21 16:22:58,831 - cmdstanpy - DEBUG - input tempfile: /var/folders/gy/xs43v__d0mn25qy5kzxrnkrm0000gn/T/tmpvahbj0mo/7kenukg0.json
2025-05-21 16:22:59,004 - cmdstanpy - DEBUG - input tempfile: /var/folders/gy/xs43v__d0mn25qy5kzxrnkrm0000gn/T/tmpvahbj0mo/neb1_1x8.json
2025-05-21 16:22:59,004 - cmdstanpy - DEBUG - idx 0
2025-05-21 16:22:59,004 - cmdstanpy - DEBUG - running CmdStan, num_threads: None
2025-05-21 16:22:59,005 - cmdstanpy - DEBUG - CmdStan args: ['/opt/miniconda3/envs/enexis-may-03-env-run/lib/python3.10/site-packages/prophet/stan_model/prophet_model.bin', 'random', 'seed=59975', 'data', 'file=/var/folders/gy/xs43v__d0mn25qy5kzxrnkrm0000gn/T/tmpvahbj0mo/7kenukg0.json', 'init=/var/folders/gy/xs43v__d0mn25qy5kzxrnkrm0000gn/T/tmpvahbj0mo/neb1_1x8.json', 'output', 'file=/var/folders/gy/xs43v__d0mn25qy5kzxrnkrm0000gn/T/tmpvahbj0mo/prophet_model3h2765f9/prophet_model-20250521162259.csv', 'method=optimize', 'algorithm=lbfgs', 'iter=10000']
2025-05-21 16:22:59,005 - cmdstanpy - INFO - Chain [1] start processing
2025-05-21 16:23:02,838 - cmdstanpy - INFO - Chain [1] done processing
2025-05-21 16:23:03,075 - warp-prophet-model - INFO - Params: {'changepoint_prior_scale': 0.1, 'seasonality_mode': 'additive', 'seasonality_prior_scale': 1.0} → MAE: 0.06
2025-05-21 16:23:03,075 - warp-prophet-model - INFO - Best Parameters Found: {'changepoint_prior_scale': 0.1, 'seasonality_mode': 'additive', 'seasonality_prior_scale': 1.0}
2025-05-21 16:23:03,075 - warp-prophet-model - INFO - Best MAE: 0.06
2025-05-21 16:23:03,075 - warp-prophet-model - INFO - ✅ Forecast complete
2025-05-21 16:23:03,079 - warp-prophet-model - INFO - Aligned data length: 1732
2025-05-21 16:23:03,079 - warp-prophet-model - INFO - Date range: 2025-05-01 00:00:00 to 2025-05-19 00:00:00
2025-05-21 16:23:03,081 - warp-prophet-model - INFO - MAE: 0.064, RMSE: 0.090, R²: -0.960
2025-05-21 16:23:06,164 - warp-prophet-model - INFO - Execution time: 4.38 seconds
2025-05-21 16:23:06,164 - warp-prophet-model - INFO - 
📊 Evaluation Metrics:
2025-05-21 16:23:06,164 - warp-prophet-model - INFO - Model Name: Prophet
2025-05-21 16:23:06,164 - warp-prophet-model - INFO - MAE: 0.064
2025-05-21 16:23:06,164 - warp-prophet-model - INFO - MSE: 0.008
2025-05-21 16:23:06,164 - warp-prophet-model - INFO - RMSE: 0.090
2025-05-21 16:23:06,165 - warp-prophet-model - INFO - R²: -0.960
2025-05-21 16:23:06,174 - warp-prophet-model - INFO - Created new CSV at /Users/sgawde/work/eaisi-code/main-branch-21may/ENEXIS/src/data/model_run_resultswarp-prophet-model-results.csv
2025-05-21 16:23:06,204 - warp-prophet-model - INFO - Model saved at /Users/sgawde/work/eaisi-code/main-branch-21may/ENEXIS/src/data/model_run_resultsprophet_hyper_tuned_model.pkl
2025-05-21 16:23:06,205 - warp-prophet-model - INFO - ✅ Model evaluation saved to /Users/sgawde/work/eaisi-code/main-branch-21may/ENEXIS/src/data/model_run_resultswarp-prophet-model-results.csv
2025-05-21 16:24:10,613 - warp-prophet-model - INFO - WARP_DATA_FILE_PATH: /Users/sgawde/work/eaisi-code/main-branch-21may/ENEXIS/src/data/warp-csv-dataset.csv
2025-05-21 16:24:10,660 - warp-prophet-model - INFO - Loaded data from /Users/sgawde/work/eaisi-code/main-branch-21may/ENEXIS/src/data/warp-csv-dataset.csv
2025-05-21 16:24:10,686 - warp-prophet-model - INFO - Train Date Range: Start: 2025-01-01 00:00:00 End: 2025-04-30 00:00:00
2025-05-21 16:24:10,687 - warp-prophet-model - INFO - Test Date Range: Start: 2025-05-01 00:00:00 End: 2025-05-19 00:00:00
2025-05-21 16:24:10,696 - warp-prophet-model - INFO - Prophet Training Data Sample:
2025-05-21 16:24:10,715 - warp-prophet-model - INFO - 
                   ds        y  month  shortwave_radiation  apparent_temperature  temperature_2m  ...  cloud_cover  Flow_GB  Nuclear_Vol  yearday_cos  Flow_NO      Load
0 2025-01-01 00:00:00  0.01362      1                  0.0              3.067019          7.4325  ...        100.0     0.00     486250.0     0.999852   -649.0  12049.25
1 2025-01-01 00:00:00  0.01362      1                  0.0              3.067019          7.4325  ...        100.0     0.00     486250.0     0.999852   -649.0  12049.25
2 2025-01-01 01:00:00  0.00624      1                  0.0              3.500678          7.6325  ...        100.0     0.25     487000.0     0.999852   -649.0  11957.50
3 2025-01-01 01:00:00  0.00624      1                  0.0              3.500678          7.6325  ...        100.0     0.25     487000.0     0.999852   -649.0  11957.50
4 2025-01-01 02:00:00  0.00416      1                  0.0              1.920958          7.2825  ...        100.0     0.00     487000.0     0.999852   -635.0  11636.25

[5 rows x 24 columns]
2025-05-21 16:24:10,715 - warp-prophet-model - INFO - y_train columns: ['datetime', 'Price']
2025-05-21 16:24:10,715 - warp-prophet-model - INFO - X_train columns (used regressors): ['month', 'shortwave_radiation', 'apparent_temperature', 'temperature_2m', 'direct_normal_irradiance', 'diffuse_radiation', 'yearday_sin', 'Flow_BE', 'hour_sin', 'is_non_working_day', 'is_weekend', 'is_holiday', 'weekday_cos', 'wind_speed_10m', 'hour_cos', 'weekday_sin', 'cloud_cover', 'Flow_GB', 'Nuclear_Vol', 'yearday_cos', 'Flow_NO', 'Load']
2025-05-21 16:24:10,791 - prophet - INFO - Disabling yearly seasonality. Run prophet with yearly_seasonality=True to override this.
2025-05-21 16:24:10,822 - cmdstanpy - DEBUG - input tempfile: /var/folders/gy/xs43v__d0mn25qy5kzxrnkrm0000gn/T/tmpr3dh_77g/uoncs673.json
2025-05-21 16:24:11,001 - cmdstanpy - DEBUG - input tempfile: /var/folders/gy/xs43v__d0mn25qy5kzxrnkrm0000gn/T/tmpr3dh_77g/4s1s9h0a.json
2025-05-21 16:24:11,002 - cmdstanpy - DEBUG - idx 0
2025-05-21 16:24:11,002 - cmdstanpy - DEBUG - running CmdStan, num_threads: None
2025-05-21 16:24:11,002 - cmdstanpy - DEBUG - CmdStan args: ['/opt/miniconda3/envs/enexis-may-03-env-run/lib/python3.10/site-packages/prophet/stan_model/prophet_model.bin', 'random', 'seed=79273', 'data', 'file=/var/folders/gy/xs43v__d0mn25qy5kzxrnkrm0000gn/T/tmpr3dh_77g/uoncs673.json', 'init=/var/folders/gy/xs43v__d0mn25qy5kzxrnkrm0000gn/T/tmpr3dh_77g/4s1s9h0a.json', 'output', 'file=/var/folders/gy/xs43v__d0mn25qy5kzxrnkrm0000gn/T/tmpr3dh_77g/prophet_modelx9now2an/prophet_model-20250521162411.csv', 'method=optimize', 'algorithm=lbfgs', 'iter=10000']
2025-05-21 16:24:11,002 - cmdstanpy - INFO - Chain [1] start processing
2025-05-21 16:24:14,675 - cmdstanpy - INFO - Chain [1] done processing
2025-05-21 16:24:14,913 - warp-prophet-model - INFO - Params: {'changepoint_prior_scale': 0.1, 'seasonality_mode': 'additive', 'seasonality_prior_scale': 1.0} → MAE: 0.06
2025-05-21 16:24:14,913 - warp-prophet-model - INFO - Best Parameters Found: {'changepoint_prior_scale': 0.1, 'seasonality_mode': 'additive', 'seasonality_prior_scale': 1.0}
2025-05-21 16:24:14,913 - warp-prophet-model - INFO - Best MAE: 0.06
2025-05-21 16:24:14,913 - warp-prophet-model - INFO - ✅ Forecast complete
2025-05-21 16:24:14,917 - warp-prophet-model - INFO - Aligned data length: 1732
2025-05-21 16:24:14,917 - warp-prophet-model - INFO - Date range: 2025-05-01 00:00:00 to 2025-05-19 00:00:00
2025-05-21 16:24:14,919 - warp-prophet-model - INFO - MAE: 0.064, RMSE: 0.090, R²: -0.960
2025-05-21 16:24:19,293 - warp-prophet-model - INFO - Execution time: 4.20 seconds
2025-05-21 16:24:19,293 - warp-prophet-model - INFO - 
📊 Evaluation Metrics:
2025-05-21 16:24:19,293 - warp-prophet-model - INFO - Model Name: Prophet
2025-05-21 16:24:19,293 - warp-prophet-model - INFO - MAE: 0.064
2025-05-21 16:24:19,293 - warp-prophet-model - INFO - MSE: 0.008
2025-05-21 16:24:19,293 - warp-prophet-model - INFO - RMSE: 0.090
2025-05-21 16:24:19,293 - warp-prophet-model - INFO - R²: -0.960
2025-05-21 16:24:19,299 - warp-prophet-model - INFO - Appended and saved to /Users/sgawde/work/eaisi-code/main-branch-21may/ENEXIS/src/data/model_run_resultswarp-prophet-model-results.csv
2025-05-21 16:24:19,327 - warp-prophet-model - INFO - Model saved at /Users/sgawde/work/eaisi-code/main-branch-21may/ENEXIS/src/data/model_run_resultsprophet_hyper_tuned_model.pkl
2025-05-21 16:24:19,327 - warp-prophet-model - INFO - ✅ Model evaluation saved to /Users/sgawde/work/eaisi-code/main-branch-21may/ENEXIS/src/data/model_run_resultswarp-prophet-model-results.csv
2025-05-21 16:27:08,772 - warp-prophet-model - INFO - WARP_DATA_FILE_PATH: /Users/sgawde/work/eaisi-code/main-branch-21may/ENEXIS/src/data/warp-csv-dataset.csv
2025-05-21 16:27:08,842 - warp-prophet-model - INFO - Loaded data from /Users/sgawde/work/eaisi-code/main-branch-21may/ENEXIS/src/data/warp-csv-dataset.csv
2025-05-21 16:27:08,870 - warp-prophet-model - INFO - Train Date Range: Start: 2025-01-01 00:00:00 End: 2025-04-30 00:00:00
2025-05-21 16:27:08,870 - warp-prophet-model - INFO - Test Date Range: Start: 2025-05-01 00:00:00 End: 2025-05-19 00:00:00
2025-05-21 16:27:08,879 - warp-prophet-model - INFO - Prophet Training Data Sample:
2025-05-21 16:27:08,907 - warp-prophet-model - INFO - 
                   ds        y  month  shortwave_radiation  apparent_temperature  ...  Flow_GB  Nuclear_Vol  yearday_cos  Flow_NO      Load
0 2025-01-01 00:00:00  0.01362      1                  0.0              3.067019  ...     0.00     486250.0     0.999852   -649.0  12049.25
1 2025-01-01 00:00:00  0.01362      1                  0.0              3.067019  ...     0.00     486250.0     0.999852   -649.0  12049.25
2 2025-01-01 01:00:00  0.00624      1                  0.0              3.500678  ...     0.25     487000.0     0.999852   -649.0  11957.50
3 2025-01-01 01:00:00  0.00624      1                  0.0              3.500678  ...     0.25     487000.0     0.999852   -649.0  11957.50
4 2025-01-01 02:00:00  0.00416      1                  0.0              1.920958  ...     0.00     487000.0     0.999852   -635.0  11636.25

[5 rows x 24 columns]
2025-05-21 16:27:08,907 - warp-prophet-model - INFO - y_train columns: ['datetime', 'Price']
2025-05-21 16:27:08,907 - warp-prophet-model - INFO - X_train columns (used regressors): ['month', 'shortwave_radiation', 'apparent_temperature', 'temperature_2m', 'direct_normal_irradiance', 'diffuse_radiation', 'yearday_sin', 'Flow_BE', 'hour_sin', 'is_non_working_day', 'is_weekend', 'is_holiday', 'weekday_cos', 'wind_speed_10m', 'hour_cos', 'weekday_sin', 'cloud_cover', 'Flow_GB', 'Nuclear_Vol', 'yearday_cos', 'Flow_NO', 'Load']
2025-05-21 16:27:09,050 - prophet - INFO - Disabling yearly seasonality. Run prophet with yearly_seasonality=True to override this.
2025-05-21 16:27:09,084 - cmdstanpy - DEBUG - input tempfile: /var/folders/gy/xs43v__d0mn25qy5kzxrnkrm0000gn/T/tmp0nanq46x/zspi4p2e.json
2025-05-21 16:27:09,258 - cmdstanpy - DEBUG - input tempfile: /var/folders/gy/xs43v__d0mn25qy5kzxrnkrm0000gn/T/tmp0nanq46x/bu52e6o2.json
2025-05-21 16:27:09,258 - cmdstanpy - DEBUG - idx 0
2025-05-21 16:27:09,258 - cmdstanpy - DEBUG - running CmdStan, num_threads: None
2025-05-21 16:27:09,258 - cmdstanpy - DEBUG - CmdStan args: ['/opt/miniconda3/envs/enexis-may-03-env-run/lib/python3.10/site-packages/prophet/stan_model/prophet_model.bin', 'random', 'seed=78870', 'data', 'file=/var/folders/gy/xs43v__d0mn25qy5kzxrnkrm0000gn/T/tmp0nanq46x/zspi4p2e.json', 'init=/var/folders/gy/xs43v__d0mn25qy5kzxrnkrm0000gn/T/tmp0nanq46x/bu52e6o2.json', 'output', 'file=/var/folders/gy/xs43v__d0mn25qy5kzxrnkrm0000gn/T/tmp0nanq46x/prophet_modelvr770vbw/prophet_model-20250521162709.csv', 'method=optimize', 'algorithm=lbfgs', 'iter=10000']
2025-05-21 16:27:09,259 - cmdstanpy - INFO - Chain [1] start processing
2025-05-21 16:27:13,056 - cmdstanpy - INFO - Chain [1] done processing
2025-05-21 16:27:13,298 - warp-prophet-model - INFO - Params: {'changepoint_prior_scale': 0.1, 'seasonality_mode': 'additive', 'seasonality_prior_scale': 1.0} → MAE: 0.06
2025-05-21 16:27:13,298 - warp-prophet-model - INFO - Best Parameters Found: {'changepoint_prior_scale': 0.1, 'seasonality_mode': 'additive', 'seasonality_prior_scale': 1.0}
2025-05-21 16:27:13,298 - warp-prophet-model - INFO - Best MAE: 0.06
2025-05-21 16:27:13,298 - warp-prophet-model - INFO - ✅ Forecast complete
2025-05-21 16:27:13,302 - warp-prophet-model - INFO - Aligned data length: 1732
2025-05-21 16:27:13,302 - warp-prophet-model - INFO - Date range: 2025-05-01 00:00:00 to 2025-05-19 00:00:00
2025-05-21 16:27:13,304 - warp-prophet-model - INFO - MAE: 0.064, RMSE: 0.090, R²: -0.960
2025-05-21 16:27:17,119 - warp-prophet-model - INFO - Execution time: 4.39 seconds
2025-05-21 16:27:17,124 - warp-prophet-model - INFO - 
📊 Evaluation Metrics:
2025-05-21 16:27:17,124 - warp-prophet-model - INFO - Model Name: Prophet
2025-05-21 16:27:17,125 - warp-prophet-model - INFO - MAE: 0.064
2025-05-21 16:27:17,125 - warp-prophet-model - INFO - MSE: 0.008
2025-05-21 16:27:17,125 - warp-prophet-model - INFO - RMSE: 0.090
2025-05-21 16:27:17,125 - warp-prophet-model - INFO - R²: -0.960
2025-05-21 16:27:17,128 - warp-prophet-model - ERROR - CSV save failed: Cannot save file into a non-existent directory: '/Users/sgawde/work/eaisi-code/main-branch-21may/ENEXIS/src/data/model_run_results'
2025-05-21 16:27:57,189 - warp-prophet-model - INFO - WARP_DATA_FILE_PATH: /Users/sgawde/work/eaisi-code/main-branch-21may/ENEXIS/src/data/warp-csv-dataset.csv
2025-05-21 16:27:57,244 - warp-prophet-model - INFO - Loaded data from /Users/sgawde/work/eaisi-code/main-branch-21may/ENEXIS/src/data/warp-csv-dataset.csv
2025-05-21 16:27:57,270 - warp-prophet-model - INFO - Train Date Range: Start: 2025-01-01 00:00:00 End: 2025-04-30 00:00:00
2025-05-21 16:27:57,271 - warp-prophet-model - INFO - Test Date Range: Start: 2025-05-01 00:00:00 End: 2025-05-19 00:00:00
2025-05-21 16:27:57,279 - warp-prophet-model - INFO - Prophet Training Data Sample:
2025-05-21 16:27:57,306 - warp-prophet-model - INFO - 
                   ds        y  month  shortwave_radiation  apparent_temperature  ...  Flow_GB  Nuclear_Vol  yearday_cos  Flow_NO      Load
0 2025-01-01 00:00:00  0.01362      1                  0.0              3.067019  ...     0.00     486250.0     0.999852   -649.0  12049.25
1 2025-01-01 00:00:00  0.01362      1                  0.0              3.067019  ...     0.00     486250.0     0.999852   -649.0  12049.25
2 2025-01-01 01:00:00  0.00624      1                  0.0              3.500678  ...     0.25     487000.0     0.999852   -649.0  11957.50
3 2025-01-01 01:00:00  0.00624      1                  0.0              3.500678  ...     0.25     487000.0     0.999852   -649.0  11957.50
4 2025-01-01 02:00:00  0.00416      1                  0.0              1.920958  ...     0.00     487000.0     0.999852   -635.0  11636.25

[5 rows x 24 columns]
2025-05-21 16:27:57,306 - warp-prophet-model - INFO - y_train columns: ['datetime', 'Price']
2025-05-21 16:27:57,306 - warp-prophet-model - INFO - X_train columns (used regressors): ['month', 'shortwave_radiation', 'apparent_temperature', 'temperature_2m', 'direct_normal_irradiance', 'diffuse_radiation', 'yearday_sin', 'Flow_BE', 'hour_sin', 'is_non_working_day', 'is_weekend', 'is_holiday', 'weekday_cos', 'wind_speed_10m', 'hour_cos', 'weekday_sin', 'cloud_cover', 'Flow_GB', 'Nuclear_Vol', 'yearday_cos', 'Flow_NO', 'Load']
2025-05-21 16:27:57,407 - prophet - INFO - Disabling yearly seasonality. Run prophet with yearly_seasonality=True to override this.
2025-05-21 16:27:57,441 - cmdstanpy - DEBUG - input tempfile: /var/folders/gy/xs43v__d0mn25qy5kzxrnkrm0000gn/T/tmpdtrqmuqy/25vuozwl.json
2025-05-21 16:27:57,619 - cmdstanpy - DEBUG - input tempfile: /var/folders/gy/xs43v__d0mn25qy5kzxrnkrm0000gn/T/tmpdtrqmuqy/ep_w8yrb.json
2025-05-21 16:27:57,620 - cmdstanpy - DEBUG - idx 0
2025-05-21 16:27:57,620 - cmdstanpy - DEBUG - running CmdStan, num_threads: None
2025-05-21 16:27:57,621 - cmdstanpy - DEBUG - CmdStan args: ['/opt/miniconda3/envs/enexis-may-03-env-run/lib/python3.10/site-packages/prophet/stan_model/prophet_model.bin', 'random', 'seed=9168', 'data', 'file=/var/folders/gy/xs43v__d0mn25qy5kzxrnkrm0000gn/T/tmpdtrqmuqy/25vuozwl.json', 'init=/var/folders/gy/xs43v__d0mn25qy5kzxrnkrm0000gn/T/tmpdtrqmuqy/ep_w8yrb.json', 'output', 'file=/var/folders/gy/xs43v__d0mn25qy5kzxrnkrm0000gn/T/tmpdtrqmuqy/prophet_modelyxztpso1/prophet_model-20250521162757.csv', 'method=optimize', 'algorithm=lbfgs', 'iter=10000']
2025-05-21 16:27:57,621 - cmdstanpy - INFO - Chain [1] start processing
2025-05-21 16:28:01,379 - cmdstanpy - INFO - Chain [1] done processing
2025-05-21 16:28:01,637 - warp-prophet-model - INFO - Params: {'changepoint_prior_scale': 0.1, 'seasonality_mode': 'additive', 'seasonality_prior_scale': 1.0} → MAE: 0.06
2025-05-21 16:28:01,637 - warp-prophet-model - INFO - Best Parameters Found: {'changepoint_prior_scale': 0.1, 'seasonality_mode': 'additive', 'seasonality_prior_scale': 1.0}
2025-05-21 16:28:01,637 - warp-prophet-model - INFO - Best MAE: 0.06
2025-05-21 16:28:01,637 - warp-prophet-model - INFO - ✅ Forecast complete
2025-05-21 16:28:01,642 - warp-prophet-model - INFO - Aligned data length: 1732
2025-05-21 16:28:01,642 - warp-prophet-model - INFO - Date range: 2025-05-01 00:00:00 to 2025-05-19 00:00:00
2025-05-21 16:28:01,644 - warp-prophet-model - INFO - MAE: 0.064, RMSE: 0.090, R²: -0.960
2025-05-21 16:28:05,935 - warp-prophet-model - INFO - Execution time: 4.33 seconds
2025-05-21 16:28:05,935 - warp-prophet-model - INFO - 
📊 Evaluation Metrics:
2025-05-21 16:28:05,935 - warp-prophet-model - INFO - Model Name: Prophet
2025-05-21 16:28:05,936 - warp-prophet-model - INFO - MAE: 0.064
2025-05-21 16:28:05,936 - warp-prophet-model - INFO - MSE: 0.008
2025-05-21 16:28:05,936 - warp-prophet-model - INFO - RMSE: 0.090
2025-05-21 16:28:05,936 - warp-prophet-model - INFO - R²: -0.960
2025-05-21 16:28:05,939 - warp-prophet-model - INFO - Created new CSV at /Users/sgawde/work/eaisi-code/main-branch-21may/ENEXIS/src/models/model_run_results/warp-prophet-model-results.csv
2025-05-21 16:28:05,967 - warp-prophet-model - INFO - Model saved at /Users/sgawde/work/eaisi-code/main-branch-21may/ENEXIS/src/models/model_run_results/prophet_hyper_tuned_model.pkl
2025-05-21 16:28:05,967 - warp-prophet-model - INFO - ✅ Model evaluation saved to /Users/sgawde/work/eaisi-code/main-branch-21may/ENEXIS/src/models/model_run_results/warp-prophet-model-results.csv
2025-05-21 16:35:35,464 - warp-prophet-model - INFO - WARP_DATA_FILE_PATH: /Users/sgawde/work/eaisi-code/main-branch-21may/ENEXIS/src/data/warp-csv-dataset.csv
2025-05-21 16:35:35,552 - warp-prophet-model - INFO - Loaded data from /Users/sgawde/work/eaisi-code/main-branch-21may/ENEXIS/src/data/warp-csv-dataset.csv
2025-05-21 16:35:35,604 - warp-prophet-model - INFO - Train Date Range: Start: 2025-01-01 00:00:00 End: 2025-04-30 00:00:00
2025-05-21 16:35:35,605 - warp-prophet-model - INFO - Test Date Range: Start: 2025-05-01 00:00:00 End: 2025-05-19 00:00:00
2025-05-21 16:35:35,619 - warp-prophet-model - INFO - Prophet Training Data Sample:
2025-05-21 16:35:35,653 - warp-prophet-model - INFO - 
                   ds        y  month  shortwave_radiation  apparent_temperature  ...  Flow_GB  Nuclear_Vol  yearday_cos  Flow_NO      Load
0 2025-01-01 00:00:00  0.01362      1                  0.0              3.067019  ...     0.00     486250.0     0.999852   -649.0  12049.25
1 2025-01-01 00:00:00  0.01362      1                  0.0              3.067019  ...     0.00     486250.0     0.999852   -649.0  12049.25
2 2025-01-01 01:00:00  0.00624      1                  0.0              3.500678  ...     0.25     487000.0     0.999852   -649.0  11957.50
3 2025-01-01 01:00:00  0.00624      1                  0.0              3.500678  ...     0.25     487000.0     0.999852   -649.0  11957.50
4 2025-01-01 02:00:00  0.00416      1                  0.0              1.920958  ...     0.00     487000.0     0.999852   -635.0  11636.25

[5 rows x 24 columns]
2025-05-21 16:35:35,653 - warp-prophet-model - INFO - y_train columns: ['datetime', 'Price']
2025-05-21 16:35:35,654 - warp-prophet-model - INFO - X_train columns (used regressors): ['month', 'shortwave_radiation', 'apparent_temperature', 'temperature_2m', 'direct_normal_irradiance', 'diffuse_radiation', 'yearday_sin', 'Flow_BE', 'hour_sin', 'is_non_working_day', 'is_weekend', 'is_holiday', 'weekday_cos', 'wind_speed_10m', 'hour_cos', 'weekday_sin', 'cloud_cover', 'Flow_GB', 'Nuclear_Vol', 'yearday_cos', 'Flow_NO', 'Load']
2025-05-21 16:35:35,831 - prophet - INFO - Disabling yearly seasonality. Run prophet with yearly_seasonality=True to override this.
2025-05-21 16:35:35,877 - cmdstanpy - DEBUG - input tempfile: /var/folders/gy/xs43v__d0mn25qy5kzxrnkrm0000gn/T/tmpw8wno6uq/i2a7ftgn.json
2025-05-21 16:35:36,101 - cmdstanpy - DEBUG - input tempfile: /var/folders/gy/xs43v__d0mn25qy5kzxrnkrm0000gn/T/tmpw8wno6uq/3cwvt9li.json
2025-05-21 16:35:36,111 - cmdstanpy - DEBUG - idx 0
2025-05-21 16:35:36,111 - cmdstanpy - DEBUG - running CmdStan, num_threads: None
2025-05-21 16:35:36,111 - cmdstanpy - DEBUG - CmdStan args: ['/opt/miniconda3/envs/enexis-may-03-env-run/lib/python3.10/site-packages/prophet/stan_model/prophet_model.bin', 'random', 'seed=1375', 'data', 'file=/var/folders/gy/xs43v__d0mn25qy5kzxrnkrm0000gn/T/tmpw8wno6uq/i2a7ftgn.json', 'init=/var/folders/gy/xs43v__d0mn25qy5kzxrnkrm0000gn/T/tmpw8wno6uq/3cwvt9li.json', 'output', 'file=/var/folders/gy/xs43v__d0mn25qy5kzxrnkrm0000gn/T/tmpw8wno6uq/prophet_modeld8pvefn5/prophet_model-20250521163536.csv', 'method=optimize', 'algorithm=lbfgs', 'iter=10000']
2025-05-21 16:35:36,111 - cmdstanpy - INFO - Chain [1] start processing
2025-05-21 16:35:41,848 - cmdstanpy - INFO - Chain [1] done processing
2025-05-21 16:35:42,286 - warp-prophet-model - INFO - Params: {'changepoint_prior_scale': 0.1, 'seasonality_mode': 'additive', 'seasonality_prior_scale': 1.0} → MAE: 0.06
2025-05-21 16:35:42,287 - warp-prophet-model - INFO - Best Parameters Found: {'changepoint_prior_scale': 0.1, 'seasonality_mode': 'additive', 'seasonality_prior_scale': 1.0}
2025-05-21 16:35:42,287 - warp-prophet-model - INFO - Best MAE: 0.06
2025-05-21 16:35:42,287 - warp-prophet-model - INFO - ✅ Forecast complete
2025-05-21 16:35:42,305 - warp-prophet-model - INFO - Aligned data length: 1732
2025-05-21 16:35:42,305 - warp-prophet-model - INFO - Date range: 2025-05-01 00:00:00 to 2025-05-19 00:00:00
2025-05-21 16:35:42,315 - warp-prophet-model - INFO - MAE: 0.064, RMSE: 0.090, R²: -0.960
2025-05-21 16:36:03,060 - warp-prophet-model - INFO - Execution time: 6.63 seconds
2025-05-21 16:36:03,066 - warp-prophet-model - INFO - 
📊 Evaluation Metrics:
2025-05-21 16:36:03,067 - warp-prophet-model - INFO - Model Name: Prophet
2025-05-21 16:36:03,067 - warp-prophet-model - INFO - MAE: 0.064
2025-05-21 16:36:03,067 - warp-prophet-model - INFO - MSE: 0.008
2025-05-21 16:36:03,067 - warp-prophet-model - INFO - RMSE: 0.090
2025-05-21 16:36:03,067 - warp-prophet-model - INFO - R²: -0.960
2025-05-21 16:36:03,079 - warp-prophet-model - INFO - Appended and saved to /Users/sgawde/work/eaisi-code/main-branch-21may/ENEXIS/src/models/model_run_results/warp-prophet-model-results.csv
2025-05-21 16:36:03,110 - warp-prophet-model - INFO - Model saved at /Users/sgawde/work/eaisi-code/main-branch-21may/ENEXIS/src/models/model_run_results/prophet_hyper_tuned_model.pkl
2025-05-21 16:36:03,110 - warp-prophet-model - INFO - ✅ Model evaluation saved to /Users/sgawde/work/eaisi-code/main-branch-21may/ENEXIS/src/models/model_run_results/warp-prophet-model-results.csv
