2025-05-21 16:38:37,231 - prophet_forecast_tuned_model - INFO - ✅ Prophet model loaded from disk.
2025-05-21 16:39:46,295 - prophet_forecast_tuned_model - INFO - ✅ Prophet model loaded from disk.
2025-05-21 16:39:46,475 - prophet_forecast_tuned_model - INFO - ✅ Data loaded and prepared. Total records: 7392
2025-05-21 16:39:46,478 - prophet_forecast_tuned_model - INFO - Rolling window 1: 2025-04-18 12:00:00 to 2025-04-23 12:00:00
2025-05-21 16:39:46,678 - prophet_forecast_tuned_model - INFO - Window 1 metrics: MAE=0.022, RMSE=0.028, R2=0.641
2025-05-21 16:39:46,721 - prophet_forecast_tuned_model - INFO - Rolling window 2: 2025-04-19 12:00:00 to 2025-04-24 12:00:00
2025-05-21 16:39:46,847 - prophet_forecast_tuned_model - INFO - Window 2 metrics: MAE=0.020, RMSE=0.027, R2=0.637
2025-05-21 16:39:46,890 - prophet_forecast_tuned_model - INFO - Rolling window 3: 2025-04-20 12:00:00 to 2025-04-25 12:00:00
2025-05-21 16:39:47,017 - prophet_forecast_tuned_model - INFO - Window 3 metrics: MAE=0.020, RMSE=0.027, R2=0.472
2025-05-21 16:39:47,062 - prophet_forecast_tuned_model - INFO - Rolling window 4: 2025-04-21 12:00:00 to 2025-04-26 12:00:00
2025-05-21 16:39:47,263 - prophet_forecast_tuned_model - INFO - Window 4 metrics: MAE=0.019, RMSE=0.027, R2=0.425
2025-05-21 16:39:47,312 - prophet_forecast_tuned_model - INFO - Rolling window 5: 2025-04-22 12:00:00 to 2025-04-27 12:00:00
2025-05-21 16:39:47,457 - prophet_forecast_tuned_model - INFO - Window 5 metrics: MAE=0.020, RMSE=0.030, R2=0.657
2025-05-21 16:39:47,496 - prophet_forecast_tuned_model - INFO - Rolling window 6: 2025-04-23 12:00:00 to 2025-04-28 12:00:00
2025-05-21 16:39:47,629 - prophet_forecast_tuned_model - INFO - Window 6 metrics: MAE=0.017, RMSE=0.026, R2=0.777
2025-05-21 16:39:47,724 - prophet_forecast_tuned_model - INFO - 📁 Forecast vs Actual saved to: /Users/sgawde/work/eaisi-code/main-branch-21may/ENEXIS/src/models/model_run_results/forecast_vs_actual.csv
2025-05-21 16:39:47,740 - prophet_forecast_tuned_model - INFO - 
                   ds   actual  predicted        window_start          window_end
0 2025-04-18 12:00:00  0.05548   0.075060 2025-04-18 12:00:00 2025-04-23 12:00:00
1 2025-04-18 12:00:00  0.05548   0.075060 2025-04-18 12:00:00 2025-04-23 12:00:00
2 2025-04-18 12:00:00  0.05548   0.075060 2025-04-18 12:00:00 2025-04-23 12:00:00
3 2025-04-18 12:00:00  0.05548   0.075060 2025-04-18 12:00:00 2025-04-23 12:00:00
4 2025-04-18 13:00:00  0.05298   0.051418 2025-04-18 12:00:00 2025-04-23 12:00:00
2025-05-21 16:39:47,743 - prophet_forecast_tuned_model - INFO - Model run metrics saved to: /Users/sgawde/work/eaisi-code/main-branch-21may/ENEXIS/src/models/model_run_results/model_run_metrics.csv
2025-05-23 12:11:27,042 - prophet_forecast_tuned_model - INFO - ✅ Prophet model loaded from disk.
2025-05-23 12:11:27,092 - prophet_forecast_tuned_model - INFO - ✅ Data loaded and prepared. Total records: 3696
2025-05-23 12:11:27,093 - prophet_forecast_tuned_model - INFO - Rolling window 1: 2025-04-18 12:00:00 to 2025-04-23 12:00:00
2025-05-23 12:11:27,176 - prophet_forecast_tuned_model - INFO - Window 1 metrics: MAE=0.021, RMSE=0.028, R2=0.642
2025-05-23 12:11:27,189 - prophet_forecast_tuned_model - INFO - Rolling window 2: 2025-04-19 12:00:00 to 2025-04-24 12:00:00
2025-05-23 12:11:27,260 - prophet_forecast_tuned_model - INFO - Window 2 metrics: MAE=0.020, RMSE=0.027, R2=0.638
2025-05-23 12:11:27,267 - prophet_forecast_tuned_model - INFO - Rolling window 3: 2025-04-20 12:00:00 to 2025-04-25 12:00:00
2025-05-23 12:11:27,342 - prophet_forecast_tuned_model - INFO - Window 3 metrics: MAE=0.020, RMSE=0.027, R2=0.475
2025-05-23 12:11:27,349 - prophet_forecast_tuned_model - INFO - Rolling window 4: 2025-04-21 12:00:00 to 2025-04-26 12:00:00
2025-05-23 12:11:27,430 - prophet_forecast_tuned_model - INFO - Window 4 metrics: MAE=0.019, RMSE=0.027, R2=0.430
2025-05-23 12:11:27,438 - prophet_forecast_tuned_model - INFO - Rolling window 5: 2025-04-22 12:00:00 to 2025-04-27 12:00:00
2025-05-23 12:11:27,516 - prophet_forecast_tuned_model - INFO - Window 5 metrics: MAE=0.020, RMSE=0.030, R2=0.662
2025-05-23 12:11:27,524 - prophet_forecast_tuned_model - INFO - Rolling window 6: 2025-04-23 12:00:00 to 2025-04-28 12:00:00
2025-05-23 12:11:27,602 - prophet_forecast_tuned_model - INFO - Window 6 metrics: MAE=0.017, RMSE=0.026, R2=0.781
2025-05-23 12:11:27,628 - prophet_forecast_tuned_model - INFO - 📁 Forecast vs Actual saved to: /Users/sgawde/work/eaisi-code/main-branch-21may/ENEXIS/src/models/model_run_results/forecast_vs_actual.csv
2025-05-23 12:11:27,636 - prophet_forecast_tuned_model - INFO - 
                   ds   actual  predicted        window_start          window_end
0 2025-04-18 12:00:00  0.05548   0.076724 2025-04-18 12:00:00 2025-04-23 12:00:00
1 2025-04-18 13:00:00  0.05298   0.052939 2025-04-18 12:00:00 2025-04-23 12:00:00
2 2025-04-18 14:00:00  0.05502   0.029980 2025-04-18 12:00:00 2025-04-23 12:00:00
3 2025-04-18 15:00:00  0.06581   0.050505 2025-04-18 12:00:00 2025-04-23 12:00:00
4 2025-04-18 16:00:00  0.08335   0.069029 2025-04-18 12:00:00 2025-04-23 12:00:00
2025-05-23 12:11:27,638 - prophet_forecast_tuned_model - INFO - Model run metrics saved to: /Users/sgawde/work/eaisi-code/main-branch-21may/ENEXIS/src/models/model_run_results/model_run_metrics.csv
2025-05-23 16:57:16,675 - prophet_forecast_tuned_model - INFO - ✅ Prophet model loaded from disk.
2025-05-23 16:57:16,781 - prophet_forecast_tuned_model - INFO - ✅ Data loaded and prepared. Total records: 7392
2025-05-23 16:57:16,783 - prophet_forecast_tuned_model - INFO - Rolling window 1: 2025-04-18 12:00:00 to 2025-04-23 12:00:00
2025-05-23 16:57:16,910 - prophet_forecast_tuned_model - INFO - Window 1 metrics: MAE=0.022, RMSE=0.028, R2=0.641
2025-05-23 16:57:16,940 - prophet_forecast_tuned_model - INFO - Rolling window 2: 2025-04-19 12:00:00 to 2025-04-24 12:00:00
2025-05-23 16:57:17,026 - prophet_forecast_tuned_model - INFO - Window 2 metrics: MAE=0.020, RMSE=0.027, R2=0.637
2025-05-23 16:57:17,051 - prophet_forecast_tuned_model - INFO - Rolling window 3: 2025-04-20 12:00:00 to 2025-04-25 12:00:00
2025-05-23 16:57:17,136 - prophet_forecast_tuned_model - INFO - Window 3 metrics: MAE=0.020, RMSE=0.027, R2=0.472
2025-05-23 16:57:17,163 - prophet_forecast_tuned_model - INFO - Rolling window 4: 2025-04-21 12:00:00 to 2025-04-26 12:00:00
2025-05-23 16:57:17,274 - prophet_forecast_tuned_model - INFO - Window 4 metrics: MAE=0.019, RMSE=0.027, R2=0.425
2025-05-23 16:57:17,299 - prophet_forecast_tuned_model - INFO - Rolling window 5: 2025-04-22 12:00:00 to 2025-04-27 12:00:00
2025-05-23 16:57:17,386 - prophet_forecast_tuned_model - INFO - Window 5 metrics: MAE=0.020, RMSE=0.030, R2=0.657
2025-05-23 16:57:17,411 - prophet_forecast_tuned_model - INFO - Rolling window 6: 2025-04-23 12:00:00 to 2025-04-28 12:00:00
2025-05-23 16:57:17,495 - prophet_forecast_tuned_model - INFO - Window 6 metrics: MAE=0.017, RMSE=0.026, R2=0.777
2025-05-23 16:57:17,563 - prophet_forecast_tuned_model - INFO - 📁 Forecast vs Actual saved to: /Users/sgawde/work/eaisi-code/main-branch-21may/ENEXIS/src/models/model_run_results/forecast_vs_actual.csv
2025-05-23 16:57:17,573 - prophet_forecast_tuned_model - INFO - 
                   ds   actual  predicted        window_start          window_end
0 2025-04-18 12:00:00  0.05548   0.075060 2025-04-18 12:00:00 2025-04-23 12:00:00
1 2025-04-18 12:00:00  0.05548   0.075060 2025-04-18 12:00:00 2025-04-23 12:00:00
2 2025-04-18 12:00:00  0.05548   0.075060 2025-04-18 12:00:00 2025-04-23 12:00:00
3 2025-04-18 12:00:00  0.05548   0.075060 2025-04-18 12:00:00 2025-04-23 12:00:00
4 2025-04-18 13:00:00  0.05298   0.051418 2025-04-18 12:00:00 2025-04-23 12:00:00
2025-05-23 16:57:17,575 - prophet_forecast_tuned_model - INFO - Model run metrics saved to: /Users/sgawde/work/eaisi-code/main-branch-21may/ENEXIS/src/models/model_run_results/model_run_metrics.csv
2025-05-26 14:20:27,403 - prophet_forecast_tuned_model - INFO - ✅ Prophet model loaded from disk.
2025-05-26 14:20:27,580 - prophet_forecast_tuned_model - INFO - ✅ Data loaded and prepared. Total records: 18408
2025-05-26 14:20:27,581 - prophet_forecast_tuned_model - INFO - Rolling window 1: 2025-05-25 12:00:00 to 2025-05-30 12:00:00
2025-05-26 14:20:27,757 - prophet_forecast_tuned_model - INFO - Window 1 metrics: MAE=0.568, RMSE=0.569, R2=0.000
2025-05-26 14:20:27,913 - prophet_forecast_tuned_model - INFO - Rolling window 2: 2025-05-26 12:00:00 to 2025-05-31 12:00:00
2025-05-26 14:20:28,066 - prophet_forecast_tuned_model - INFO - Window 2 metrics: MAE=0.583, RMSE=0.585, R2=0.000
2025-05-26 14:20:28,219 - prophet_forecast_tuned_model - INFO - Rolling window 3: 2025-05-27 12:00:00 to 2025-06-01 12:00:00
2025-05-26 14:20:28,369 - prophet_forecast_tuned_model - INFO - Window 3 metrics: MAE=0.597, RMSE=0.599, R2=0.000
2025-05-26 14:20:28,512 - prophet_forecast_tuned_model - INFO - Rolling window 4: 2025-05-28 12:00:00 to 2025-06-02 12:00:00
2025-05-26 14:20:28,831 - prophet_forecast_tuned_model - INFO - Window 4 metrics: MAE=0.605, RMSE=0.607, R2=0.000
2025-05-26 14:20:28,954 - prophet_forecast_tuned_model - INFO - Rolling window 5: 2025-05-29 12:00:00 to 2025-06-03 12:00:00
2025-05-26 14:20:29,081 - prophet_forecast_tuned_model - INFO - Window 5 metrics: MAE=0.624, RMSE=0.626, R2=0.000
2025-05-26 14:20:29,184 - prophet_forecast_tuned_model - INFO - Rolling window 6: 2025-05-30 12:00:00 to 2025-06-04 12:00:00
2025-05-26 14:20:29,301 - prophet_forecast_tuned_model - INFO - Window 6 metrics: MAE=0.650, RMSE=0.650, R2=0.000
2025-05-26 14:20:29,544 - prophet_forecast_tuned_model - INFO - 📁 Forecast vs Actual saved to: /Users/sgawde/work/eaisi-code/main-branch-21may/ENEXIS/src/models/model_run_results/forecast_vs_actual.csv
2025-05-26 14:20:29,553 - prophet_forecast_tuned_model - INFO - 
                   ds  actual  predicted        window_start          window_end
0 2025-05-25 12:00:00     0.0    0.54191 2025-05-25 12:00:00 2025-05-30 12:00:00
1 2025-05-25 12:00:00     0.0    0.54191 2025-05-25 12:00:00 2025-05-30 12:00:00
2 2025-05-25 12:00:00     0.0    0.54191 2025-05-25 12:00:00 2025-05-30 12:00:00
3 2025-05-25 12:00:00     0.0    0.54191 2025-05-25 12:00:00 2025-05-30 12:00:00
4 2025-05-25 12:00:00     0.0    0.54191 2025-05-25 12:00:00 2025-05-30 12:00:00
2025-05-26 14:20:29,555 - prophet_forecast_tuned_model - INFO - Model run metrics saved to: /Users/sgawde/work/eaisi-code/main-branch-21may/ENEXIS/src/models/model_run_results/model_run_metrics.csv
2025-05-26 14:22:23,278 - prophet_forecast_tuned_model - INFO - ✅ Prophet model loaded from disk.
2025-05-26 14:22:23,432 - prophet_forecast_tuned_model - INFO - ✅ Data loaded and prepared. Total records: 18408
2025-05-26 14:22:23,433 - prophet_forecast_tuned_model - INFO - Rolling window 1: 2025-05-25 12:00:00 to 2025-05-30 12:00:00
2025-05-26 14:22:23,608 - prophet_forecast_tuned_model - INFO - Window 1 metrics: MAE=0.568, RMSE=0.569, R2=0.000
2025-05-26 14:22:23,767 - prophet_forecast_tuned_model - INFO - Rolling window 2: 2025-05-26 12:00:00 to 2025-05-31 12:00:00
2025-05-26 14:22:23,919 - prophet_forecast_tuned_model - INFO - Window 2 metrics: MAE=0.583, RMSE=0.585, R2=0.000
2025-05-26 14:22:24,077 - prophet_forecast_tuned_model - INFO - Rolling window 3: 2025-05-27 12:00:00 to 2025-06-01 12:00:00
2025-05-26 14:22:24,223 - prophet_forecast_tuned_model - INFO - Window 3 metrics: MAE=0.597, RMSE=0.599, R2=0.000
2025-05-26 14:22:24,371 - prophet_forecast_tuned_model - INFO - Rolling window 4: 2025-05-28 12:00:00 to 2025-06-02 12:00:00
2025-05-26 14:22:24,514 - prophet_forecast_tuned_model - INFO - Window 4 metrics: MAE=0.605, RMSE=0.607, R2=0.000
2025-05-26 14:22:24,641 - prophet_forecast_tuned_model - INFO - Rolling window 5: 2025-05-29 12:00:00 to 2025-06-03 12:00:00
2025-05-26 14:22:24,773 - prophet_forecast_tuned_model - INFO - Window 5 metrics: MAE=0.624, RMSE=0.626, R2=0.000
2025-05-26 14:22:24,881 - prophet_forecast_tuned_model - INFO - Rolling window 6: 2025-05-30 12:00:00 to 2025-06-04 12:00:00
2025-05-26 14:22:25,004 - prophet_forecast_tuned_model - INFO - Window 6 metrics: MAE=0.650, RMSE=0.650, R2=0.000
2025-05-26 14:22:25,252 - prophet_forecast_tuned_model - INFO - 📁 Forecast vs Actual saved to: /Users/sgawde/work/eaisi-code/main-branch-21may/ENEXIS/src/models/model_run_results/forecast_vs_actual.csv
2025-05-26 14:22:25,267 - prophet_forecast_tuned_model - INFO - 
                   ds  actual  predicted        window_start          window_end
0 2025-05-25 12:00:00     0.0    0.54191 2025-05-25 12:00:00 2025-05-30 12:00:00
1 2025-05-25 12:00:00     0.0    0.54191 2025-05-25 12:00:00 2025-05-30 12:00:00
2 2025-05-25 12:00:00     0.0    0.54191 2025-05-25 12:00:00 2025-05-30 12:00:00
3 2025-05-25 12:00:00     0.0    0.54191 2025-05-25 12:00:00 2025-05-30 12:00:00
4 2025-05-25 12:00:00     0.0    0.54191 2025-05-25 12:00:00 2025-05-30 12:00:00
2025-05-26 14:22:25,270 - prophet_forecast_tuned_model - INFO - Model run metrics saved to: /Users/sgawde/work/eaisi-code/main-branch-21may/ENEXIS/src/models/model_run_results/model_run_metrics.csv
