2025-05-21 15:53:28,588 - warp-database-json - INFO - MODEL_RUN_RESULTS_DIR: /Users/sgawde/work/eaisi-code/main-branch-11-may/ENEXIS/workspaces/sandeep/ned/downloads/
2025-05-21 15:53:28,589 - warp-database-json - INFO - Connected to database at /Users/sgawde/work/eaisi-code/main-branch-11-may/ENEXIS/src/data/WARP.db
2025-05-21 15:53:28,707 - warp-database-json - INFO - Database fetch complete
2025-05-21 15:53:28,708 - warp-database-json - INFO - Database connection closed
2025-05-21 15:53:29,984 - warp-database-json - INFO - Appended and saved to /Users/sgawde/work/eaisi-code/main-branch-11-may/ENEXIS/workspaces/sandeep/ned/downloads/warp-csv-dataset.csv
2025-05-21 15:54:06,183 - warp-database-json - INFO - MODEL_RUN_RESULTS_DIR: /Users/sgawde/work/eaisi-code/main-branch-11-may/ENEXIS/workspaces/sandeep/ned/downloads/
2025-05-21 15:54:06,189 - warp-database-json - INFO - Connected to database at /Users/sgawde/work/eaisi-code/main-branch-21may/ENEXIS/src/data/WARP.db
2025-05-21 15:54:06,328 - warp-database-json - INFO - Database fetch complete
2025-05-21 15:54:06,328 - warp-database-json - INFO - Database connection closed
2025-05-21 15:54:07,715 - warp-database-json - INFO - Appended and saved to /Users/sgawde/work/eaisi-code/main-branch-11-may/ENEXIS/workspaces/sandeep/ned/downloads/warp-csv-dataset.csv
2025-05-21 15:55:12,007 - warp-database-json - INFO - MODEL_RUN_RESULTS_DIR: /Users/sgawde/work/eaisi-code/main-branch-21may/ENEXIS/src/data/
2025-05-21 15:55:12,007 - warp-database-json - INFO - Connected to database at /Users/sgawde/work/eaisi-code/main-branch-21may/ENEXIS/src/data/WARP.db
2025-05-21 15:55:12,054 - warp-database-json - INFO - Database fetch complete
2025-05-21 15:55:12,054 - warp-database-json - INFO - Database connection closed
2025-05-21 15:55:12,181 - warp-database-json - INFO - Created new CSV at /Users/sgawde/work/eaisi-code/main-branch-21may/ENEXIS/src/data/warp-csv-dataset.csv
2025-05-21 16:01:40,453 - warp-database-json - INFO - MODEL_RUN_RESULTS_DIR: /Users/sgawde/work/eaisi-code/main-branch-21may/ENEXIS/src/data/
2025-05-21 16:01:40,458 - warp-database-json - INFO - Connected to database at /Users/sgawde/work/eaisi-code/main-branch-11-may/ENEXIS/src/data/WARP.db
2025-05-21 16:01:40,595 - warp-database-json - INFO - Database fetch complete
2025-05-21 16:01:40,596 - warp-database-json - INFO - Database connection closed
2025-05-21 16:01:40,879 - warp-database-json - INFO - Appended and saved to /Users/sgawde/work/eaisi-code/main-branch-21may/ENEXIS/src/data/warp-csv-dataset.csv
2025-05-23 11:57:24,783 - warp-database-json - ERROR - ❌ Config not found at : /Users/sgawde/work/eaisi-code/main-branch-21may/ENEXIS/workspaces/sandeep/config/config.json
2025-05-23 11:58:03,581 - warp-database-json - ERROR - ❌ Config not found at : /Users/sgawde/work/eaisi-code/main-branch-21may/ENEXIS/workspaces/src/config/config.json
2025-05-23 11:59:13,306 - warp-database-json - INFO - MODEL_RUN_RESULTS_DIR: ../models/
2025-05-23 11:59:13,310 - warp-database-json - INFO - Connected to database at /Users/sgawde/work/eaisi-code/main-branch-11-may/ENEXIS/src/data/WARP2.db
2025-05-23 11:59:13,313 - warp-database-json - ERROR - Database connection or fetch failed: Execution failed on sql 'SELECT * FROM master_warp ORDER BY target_datetime DESC': no such table: master_warp
2025-05-23 11:59:13,313 - warp-database-json - INFO - Database connection closed
2025-05-23 12:06:31,777 - warp-database-json - INFO - MODEL_RUN_RESULTS_DIR: ../models/
2025-05-23 12:06:31,779 - warp-database-json - ERROR - Database connection or fetch failed: unable to open database file
2025-05-23 12:07:06,037 - warp-database-json - INFO - MODEL_RUN_RESULTS_DIR: ../models/
2025-05-23 12:07:06,042 - warp-database-json - INFO - Connected to database at /Users/sgawde/work/eaisi-code/main-branch-21may/ENEXIS/src/data/WARP2.db
2025-05-23 12:07:06,102 - warp-database-json - INFO - Database fetch complete
2025-05-23 12:07:06,103 - warp-database-json - INFO - Database connection closed
2025-05-23 12:07:06,113 - warp-database-json - ERROR - CSV save failed: Cannot save file into a non-existent directory: '../models'
2025-05-23 12:08:02,650 - warp-database-json - INFO - MODEL_RUN_RESULTS_DIR: /Users/sgawde/work/eaisi-code/main-branch-21may/ENEXIS/workspaces/sandeep/ned/downloads
2025-05-23 12:08:02,650 - warp-database-json - INFO - Connected to database at /Users/sgawde/work/eaisi-code/main-branch-21may/ENEXIS/src/data/WARP2.db
2025-05-23 12:08:02,697 - warp-database-json - INFO - Database fetch complete
2025-05-23 12:08:02,697 - warp-database-json - INFO - Database connection closed
2025-05-23 12:08:02,822 - warp-database-json - INFO - Created new CSV at /Users/sgawde/work/eaisi-code/main-branch-21may/ENEXIS/workspaces/sandeep/ned/downloadswarp-csv-dataset.csv
2025-05-23 12:08:23,138 - warp-database-json - INFO - MODEL_RUN_RESULTS_DIR: /Users/sgawde/work/eaisi-code/main-branch-21may/ENEXIS/workspaces/sandeep/ned/downloads/
2025-05-23 12:08:23,138 - warp-database-json - INFO - Connected to database at /Users/sgawde/work/eaisi-code/main-branch-21may/ENEXIS/src/data/WARP2.db
2025-05-23 12:08:23,195 - warp-database-json - INFO - Database fetch complete
2025-05-23 12:08:23,195 - warp-database-json - INFO - Database connection closed
2025-05-23 12:08:24,287 - warp-database-json - INFO - Appended and saved to /Users/sgawde/work/eaisi-code/main-branch-21may/ENEXIS/workspaces/sandeep/ned/downloads/warp-csv-dataset.csv
2025-05-23 12:08:48,966 - warp-database-json - INFO - MODEL_RUN_RESULTS_DIR: /Users/sgawde/work/eaisi-code/main-branch-21may/ENEXIS/workspaces/sandeep/ned/downloads/
2025-05-23 12:08:48,966 - warp-database-json - INFO - Connected to database at /Users/sgawde/work/eaisi-code/main-branch-21may/ENEXIS/src/data/WARP2.db
2025-05-23 12:08:49,013 - warp-database-json - INFO - Database fetch complete
2025-05-23 12:08:49,013 - warp-database-json - INFO - Database connection closed
2025-05-23 12:08:49,122 - warp-database-json - INFO - Created new CSV at /Users/sgawde/work/eaisi-code/main-branch-21may/ENEXIS/workspaces/sandeep/ned/downloads/warp-csv-dataset.csv
2025-05-23 16:53:56,590 - warp-database-json - INFO - MODEL_RUN_RESULTS_DIR: /Users/sgawde/work/eaisi-code/main-branch-21may/ENEXIS/workspaces/sandeep/ned/downloads/
2025-05-23 16:53:56,592 - warp-database-json - INFO - Connected to database at /Users/sgawde/work/eaisi-code/main-branch-21may/ENEXIS/src/data/WARP2.db
2025-05-23 16:53:56,734 - warp-database-json - INFO - Database fetch complete
2025-05-23 16:53:56,734 - warp-database-json - INFO - Database connection closed
2025-05-23 16:53:57,015 - warp-database-json - INFO - Appended and saved to /Users/sgawde/work/eaisi-code/main-branch-21may/ENEXIS/workspaces/sandeep/ned/downloads/warp-csv-dataset.csv
2025-05-24 06:28:14,329 - warp-database-json - INFO - MODEL_RUN_RESULTS_DIR: /Users/sgawde/work/eaisi-code/main-branch-21may/ENEXIS/workspaces/sandeep/ned/downloads/
2025-05-24 06:28:14,330 - warp-database-json - INFO - Connected to database at /Users/sgawde/work/eaisi-code/main-branch-21may/ENEXIS/src/data/WARP.db
2025-05-24 06:28:14,453 - warp-database-json - INFO - Database fetch complete
2025-05-24 06:28:14,453 - warp-database-json - INFO - Database connection closed
2025-05-24 06:28:14,932 - warp-database-json - INFO - Appended and saved to /Users/sgawde/work/eaisi-code/main-branch-21may/ENEXIS/workspaces/sandeep/ned/downloads/warp-csv-dataset.csv
2025-05-26 13:08:43,255 - warp-database-json - INFO - MODEL_RUN_RESULTS_DIR: /Users/sgawde/work/eaisi-code/main-branch-21may/ENEXIS/workspaces/sandeep/ned/downloads/
2025-05-26 13:08:43,261 - warp-database-json - INFO - Connected to database at /Users/sgawde/work/eaisi-code/main-branch-21may/ENEXIS/src/data/WARP.db
2025-05-26 13:08:43,294 - warp-database-json - INFO - Database fetch complete
2025-05-26 13:08:43,295 - warp-database-json - INFO - Database connection closed
2025-05-26 13:08:43,796 - warp-database-json - INFO - Appended and saved to /Users/sgawde/work/eaisi-code/main-branch-21may/ENEXIS/workspaces/sandeep/ned/downloads/warp-csv-dataset.csv
2025-05-26 13:52:08,062 - warp-database-json - INFO - MODEL_RUN_RESULTS_DIR: /Users/sgawde/work/eaisi-code/main-branch-21may/ENEXIS/workspaces/sandeep/ned/downloads/
2025-05-26 13:53:09,191 - warp-database-json - INFO - MODEL_RUN_RESULTS_DIR: /Users/sgawde/work/eaisi-code/main-branch-21may/ENEXIS/workspaces/sandeep/ned/downloads/
2025-05-26 13:53:18,800 - warp-database-json - INFO - MODEL_RUN_RESULTS_DIR: /Users/sgawde/work/eaisi-code/main-branch-21may/ENEXIS/workspaces/sandeep/ned/downloads/
2025-05-26 13:53:18,801 - build_training_set - INFO - 🚀 Start build van trainingset
2025-05-26 13:53:18,802 - build_training_set - INFO - 🧠 Actuals van 2025-01-01 00:00:00+00:00 t/m 2025-03-14 23:00:00+00:00
2025-05-26 13:53:18,802 - build_training_set - INFO - 📅 Forecast van run_date 2025-03-23 00:00:00+00:00, target range: 2025-03-23 00:00:00+00:00 → 2025-03-29 23:00:00+00:00
2025-05-26 13:53:18,833 - build_training_set - INFO - ✅ Actuals geladen: 1752 rijen
2025-05-26 13:53:19,120 - build_training_set - INFO - 📦 Eindtabel bevat: 1920 rijen, 31 kolommen
2025-05-26 13:53:19,120 - build_training_set - INFO - 🧾 Kolommen: ['Price', 'target_datetime', 'Load', 'shortwave_radiation', 'temperature_2m', 'direct_normal_irradiance', 'diffuse_radiation', 'Flow_NO', 'yearday_cos', 'Flow_GB', 'month', 'is_dst', 'yearday_sin', 'is_non_working_day', 'hour_cos', 'is_weekend', 'cloud_cover', 'weekday_sin', 'hour_sin', 'weekday_cos', 'hour', 'day_of_week', 'day_of_year', 'local_datetime', 'is_holiday', 'run_date', 'wind_speed_10m', 'wind_direction_10m', 'snowfall', 'apparent_temperature', 'direct_radiation']
2025-05-26 13:53:19,159 - build_training_set - INFO - ✅ Opgeslagen als training_set in WARP.db
2025-05-26 13:53:19,159 - build_training_set - INFO - 🔒 Verbinding gesloten
2025-05-26 13:53:19,160 - warp-database-json - INFO - Connected to database at /Users/sgawde/work/eaisi-code/main-branch-21may/ENEXIS/src/data/WARP.db
2025-05-26 13:53:19,187 - warp-database-json - INFO - Database fetch complete
2025-05-26 13:53:19,187 - warp-database-json - INFO - Database connection closed
2025-05-26 13:53:20,081 - warp-database-json - INFO - Appended and saved to /Users/sgawde/work/eaisi-code/main-branch-21may/ENEXIS/workspaces/sandeep/ned/downloads/warp-csv-dataset.csv
